<?xml version="1.0" encoding="UTF-8"?>
<testsuite name="be.heh.entity.TestPayday" tests="1" skipped="0" failures="0" errors="0" timestamp="2019-11-12T09:27:31" hostname="localhost.localdomain" time="0.041">
  <properties/>
  <testcase name="testPaySingleSalariedEmployee" classname="be.heh.entity.TestPayday" time="0.041"/>
  <system-out><![CDATA[]]></system-out>
  <system-err><![CDATA[TestPaySingleSalariedEmployee
]]></system-err>
</testsuite>
