<?xml version="1.0" encoding="UTF-8"?>
<testsuite name="be.heh.entity.TestChangeDetails" tests="3" skipped="0" failures="0" errors="0" timestamp="2019-10-25T13:55:17" hostname="localhost.localdomain" time="0.012">
  <properties/>
  <testcase name="testChangeSalariedTransaction" classname="be.heh.entity.TestChangeDetails" time="0.008"/>
  <testcase name="testChangeNameTransaction" classname="be.heh.entity.TestChangeDetails" time="0.001"/>
  <testcase name="testChangeAddressTransaction" classname="be.heh.entity.TestChangeDetails" time="0.001"/>
  <system-out><![CDATA[]]></system-out>
  <system-err><![CDATA[TestChangeSalariedTransaction
TestChangeNameTransaction
TestChangeAddressTransaction
]]></system-err>
</testsuite>
