<?xml version="1.0" encoding="UTF-8"?>
<testsuite name="be.heh.entity.TestChangeDetails" tests="1" skipped="0" failures="0" errors="0" timestamp="2019-10-25T13:36:35" hostname="localhost.localdomain" time="0.007">
  <properties/>
  <testcase name="testChangeSalariedTransaction" classname="be.heh.entity.TestChangeDetails" time="0.007"/>
  <system-out><![CDATA[]]></system-out>
  <system-err><![CDATA[TestChangeSalariedTransaction
]]></system-err>
</testsuite>
