<?xml version="1.0" encoding="UTF-8"?>
<testsuite name="be.heh.entity.TestPayday" tests="1" skipped="0" failures="0" errors="0" timestamp="2019-11-14T08:56:36" hostname="localhost.localdomain" time="0.033">
  <properties/>
  <testcase name="testpaySingleSalariedEmployeeOnWrongDate" classname="be.heh.entity.TestPayday" time="0.033"/>
  <system-out><![CDATA[]]></system-out>
  <system-err><![CDATA[TestPayMultipleSalariedEmployees
]]></system-err>
</testsuite>
